<?xml version="1.0" encoding="UTF-8"?>
<!-- Generated by org.testng.reporters.JUnitReportReporter -->
<testsuite skipped="0" hostname="DXCINDAI683957" name="learnautomationpackage.DropdownSession4" tests="4" failures="0" timestamp="19 Jan 2019 10:34:25 GMT" time="20.159" errors="0">
  <testcase name="Dropdowngmail" time="10.566" classname="learnautomationpackage.DropdownSession4"/>
  <testcase name="Verifybirthdate" time="3.388" classname="learnautomationpackage.DropdownSession4"/>
  <testcase name="Verifybirthmonth" time="0.312" classname="learnautomationpackage.DropdownSession4"/>
  <testcase name="Verifybirthyear" time="5.893" classname="learnautomationpackage.DropdownSession4"/>
</testsuite> <!-- learnautomationpackage.DropdownSession4 -->
