<?xml version="1.0" encoding="UTF-8"?>
<!-- Generated by org.testng.reporters.JUnitReportReporter -->
<testsuite skipped="0" hostname="DXCINDAI683957" name="learnautomationpackage.BootstrapDropdownSession5" tests="1" failures="0" timestamp="21 Jan 2019 12:30:11 GMT" time="30.097" errors="0">
  <testcase name="checkbootstrap" time="30.097" classname="learnautomationpackage.BootstrapDropdownSession5"/>
</testsuite> <!-- learnautomationpackage.BootstrapDropdownSession5 -->
