<?xml version="1.0" encoding="UTF-8"?>
<!-- Generated by org.testng.reporters.JUnitReportReporter -->
<testsuite skipped="0" hostname="DXCINDAI683957" name="learnautomationpackage.ExplicitWaitSession9" tests="1" failures="0" timestamp="30 Jan 2019 10:58:39 GMT" time="10.908" errors="0">
  <testcase name="ExplicitWait" time="10.908" classname="learnautomationpackage.ExplicitWaitSession9"/>
</testsuite> <!-- learnautomationpackage.ExplicitWaitSession9 -->
