<?xml version="1.0" encoding="UTF-8"?>
<!-- Generated by org.testng.reporters.JUnitReportReporter -->
<testsuite skipped="0" hostname="DXCINDAI683957" name="learnautomationpackage.DatadrivenFramework" tests="2" failures="0" timestamp="31 Jan 2019 14:11:54 GMT" time="26.557" errors="0">
  <testcase name="verifyopenbrowser" time="14.850" classname="learnautomationpackage.DatadrivenFramework"/>
  <testcase name="datadriven" time="11.707" classname="learnautomationpackage.DatadrivenFramework"/>
</testsuite> <!-- learnautomationpackage.DatadrivenFramework -->
