<?xml version="1.0" encoding="UTF-8"?>
<!-- Generated by org.testng.reporters.JUnitReportReporter -->
<testsuite skipped="0" hostname="DXCINDAI683957" name="practice.Interviewprepration" tests="1" failures="0" timestamp="23 Feb 2019 15:16:50 GMT" time="11.555" errors="0">
  <testcase name="interviewallpractice" time="11.555" classname="practice.Interviewprepration"/>
</testsuite> <!-- practice.Interviewprepration -->
