<?xml version="1.0" encoding="UTF-8"?>
<!-- Generated by org.testng.reporters.JUnitReportReporter -->
<testsuite skipped="0" hostname="DXCINDAI683957" name="learnautomationpackage.DynamicRadiobuttionSession6" tests="1" failures="0" timestamp="22 Jan 2019 12:15:13 GMT" time="16.789" errors="0">
  <testcase name="Dynamicradiobutton" time="16.789" classname="learnautomationpackage.DynamicRadiobuttionSession6"/>
</testsuite> <!-- learnautomationpackage.DynamicRadiobuttionSession6 -->
