<?xml version="1.0" encoding="UTF-8"?>
<!-- Generated by org.testng.reporters.JUnitReportReporter -->
<testsuite skipped="0" hostname="DXCINDAI683957" name="learnautomationpackage.ListenerGoogleTest" tests="1" failures="0" timestamp="08 Feb 2019 06:15:30 GMT" time="11.741" errors="0">
  <testcase name="verifygoogle" time="11.741" classname="learnautomationpackage.ListenerGoogleTest"/>
</testsuite> <!-- learnautomationpackage.ListenerGoogleTest -->
