<?xml version="1.0" encoding="UTF-8"?>
<!-- Generated by org.testng.reporters.JUnitReportReporter -->
<testsuite skipped="0" hostname="DXCINDAI683957" name="learnautomationpackage.XpathSession7" tests="5" failures="0" timestamp="25 Jan 2019 09:06:22 GMT" time="31.526" errors="0">
  <testcase name="startup" time="9.703" classname="learnautomationpackage.XpathSession7"/>
  <testcase name="xpathmultipleattribute" time="0.087" classname="learnautomationpackage.XpathSession7"/>
  <testcase name="xpathbasicsyntax" time="4.259" classname="learnautomationpackage.XpathSession7"/>
  <testcase name="xpathcontains" time="2.104" classname="learnautomationpackage.XpathSession7"/>
  <testcase name="xpathstartwith" time="15.373" classname="learnautomationpackage.XpathSession7"/>
</testsuite> <!-- learnautomationpackage.XpathSession7 -->
