<?xml version="1.0" encoding="UTF-8"?>
<!-- Generated by org.testng.reporters.JUnitReportReporter -->
<testsuite skipped="0" hostname="DXCINDAI683957" name="learnautomationpackage.ClickActionsSession10" tests="2" failures="0" timestamp="30 Jan 2019 13:14:28 GMT" time="68.050" errors="0">
  <testcase name="mousehover" time="56.911" classname="learnautomationpackage.ClickActionsSession10"/>
  <testcase name="RightClick" time="11.139" classname="learnautomationpackage.ClickActionsSession10"/>
</testsuite> <!-- learnautomationpackage.ClickActionsSession10 -->
