<?xml version="1.0" encoding="UTF-8"?>
<!-- Generated by org.testng.reporters.JUnitReportReporter -->
<testsuite skipped="0" hostname="DXCINDAI683957" name="learnautomationpackage.CapturescreenshotSession8" tests="2" failures="0" timestamp="30 Jan 2019 06:43:43 GMT" time="15.381" errors="0">
  <testcase name="startup" time="15.353" classname="learnautomationpackage.CapturescreenshotSession8"/>
  <testcase name="Screenhot" time="0.028" classname="learnautomationpackage.CapturescreenshotSession8"/>
</testsuite> <!-- learnautomationpackage.CapturescreenshotSession8 -->
