<?xml version="1.0" encoding="UTF-8"?>
<!-- Generated by org.testng.reporters.JUnitReportReporter -->
<testsuite skipped="0" hostname="DXCINDAI683957" name="learnautomationpackage.TooltipSession11" tests="1" failures="0" timestamp="30 Jan 2019 13:38:06 GMT" time="7.894" errors="0">
  <testcase name="verifytooltiptext" time="7.894" classname="learnautomationpackage.TooltipSession11"/>
</testsuite> <!-- learnautomationpackage.TooltipSession11 -->
