<?xml version="1.0" encoding="UTF-8"?>
<!-- Generated by org.testng.reporters.JUnitReportReporter -->
<testsuite skipped="0" hostname="DXCINDAI683957" name="packageA.Classproperties" tests="1" failures="0" timestamp="27 Mar 2019 09:30:06 GMT" time="10.303" errors="0">
  <testcase name="login" time="10.303" classname="packageA.Classproperties"/>
</testsuite> <!-- packageA.Classproperties -->
