<?xml version="1.0" encoding="UTF-8"?>
<!-- Generated by org.testng.reporters.JUnitReportReporter -->
<testsuite skipped="0" hostname="DXCINDAI683957" name="PackageC.ClassE" tests="1" failures="0" timestamp="25 Mar 2019 18:58:47 GMT" time="0.027" errors="0">
  <testcase name="methods" time="0.027" classname="PackageC.ClassE"/>
</testsuite> <!-- PackageC.ClassE -->
